<?xml version="1.0" encoding="UTF-8"?>
<testsuite xmlns:xsi="http://www.w3.org/2001/XMLSchema-instance" xsi:noNamespaceSchemaLocation="https://maven.apache.org/surefire/maven-surefire-plugin/xsd/surefire-test-report-3.0.xsd" version="3.0" name="se3004.CountingTest" time="0.037" tests="6" errors="0" skipped="0" failures="0">
  <properties>
    <property name="java.specification.version" value="21"/>
    <property name="sun.jnu.encoding" value="UTF-8"/>
    <property name="java.class.path" value="/home/afthonia/Downloads/se3004/02-structural-testing/target/test-classes:/home/afthonia/Downloads/se3004/02-structural-testing/target/classes:/home/afthonia/.m2/repository/org/assertj/assertj-core/3.15.0/assertj-core-3.15.0.jar:/home/afthonia/.m2/repository/org/junit/jupiter/junit-jupiter-engine/5.8.1/junit-jupiter-engine-5.8.1.jar:/home/afthonia/.m2/repository/org/junit/platform/junit-platform-engine/1.8.1/junit-platform-engine-1.8.1.jar:/home/afthonia/.m2/repository/org/opentest4j/opentest4j/1.2.0/opentest4j-1.2.0.jar:/home/afthonia/.m2/repository/org/junit/platform/junit-platform-commons/1.8.1/junit-platform-commons-1.8.1.jar:/home/afthonia/.m2/repository/org/junit/jupiter/junit-jupiter-api/5.8.1/junit-jupiter-api-5.8.1.jar:/home/afthonia/.m2/repository/org/apiguardian/apiguardian-api/1.1.2/apiguardian-api-1.1.2.jar:/home/afthonia/.m2/repository/net/jqwik/jqwik/1.5.1/jqwik-1.5.1.jar:/home/afthonia/.m2/repository/net/jqwik/jqwik-api/1.5.1/jqwik-api-1.5.1.jar:/home/afthonia/.m2/repository/net/jqwik/jqwik-web/1.5.1/jqwik-web-1.5.1.jar:/home/afthonia/.m2/repository/net/jqwik/jqwik-time/1.5.1/jqwik-time-1.5.1.jar:/home/afthonia/.m2/repository/net/jqwik/jqwik-engine/1.5.1/jqwik-engine-1.5.1.jar:"/>
    <property name="java.vm.vendor" value="Private Build"/>
    <property name="sun.arch.data.model" value="64"/>
    <property name="java.vendor.url" value="Unknown"/>
    <property name="os.name" value="Linux"/>
    <property name="java.vm.specification.version" value="21"/>
    <property name="sun.java.launcher" value="SUN_STANDARD"/>
    <property name="user.country" value="US"/>
    <property name="sun.boot.library.path" value="/usr/lib/jvm/java-21-openjdk-amd64/lib"/>
    <property name="sun.java.command" value="/home/afthonia/Downloads/se3004/02-structural-testing/target/surefire/surefirebooter9016574378297244342.jar /home/afthonia/Downloads/se3004/02-structural-testing/target/surefire 2024-04-15T20-57-42_552-jvmRun1 surefire10369694524298455728tmp surefire_07760561194752572762tmp"/>
    <property name="jdk.debug" value="release"/>
    <property name="surefire.test.class.path" value="/home/afthonia/Downloads/se3004/02-structural-testing/target/test-classes:/home/afthonia/Downloads/se3004/02-structural-testing/target/classes:/home/afthonia/.m2/repository/org/assertj/assertj-core/3.15.0/assertj-core-3.15.0.jar:/home/afthonia/.m2/repository/org/junit/jupiter/junit-jupiter-engine/5.8.1/junit-jupiter-engine-5.8.1.jar:/home/afthonia/.m2/repository/org/junit/platform/junit-platform-engine/1.8.1/junit-platform-engine-1.8.1.jar:/home/afthonia/.m2/repository/org/opentest4j/opentest4j/1.2.0/opentest4j-1.2.0.jar:/home/afthonia/.m2/repository/org/junit/platform/junit-platform-commons/1.8.1/junit-platform-commons-1.8.1.jar:/home/afthonia/.m2/repository/org/junit/jupiter/junit-jupiter-api/5.8.1/junit-jupiter-api-5.8.1.jar:/home/afthonia/.m2/repository/org/apiguardian/apiguardian-api/1.1.2/apiguardian-api-1.1.2.jar:/home/afthonia/.m2/repository/net/jqwik/jqwik/1.5.1/jqwik-1.5.1.jar:/home/afthonia/.m2/repository/net/jqwik/jqwik-api/1.5.1/jqwik-api-1.5.1.jar:/home/afthonia/.m2/repository/net/jqwik/jqwik-web/1.5.1/jqwik-web-1.5.1.jar:/home/afthonia/.m2/repository/net/jqwik/jqwik-time/1.5.1/jqwik-time-1.5.1.jar:/home/afthonia/.m2/repository/net/jqwik/jqwik-engine/1.5.1/jqwik-engine-1.5.1.jar:"/>
    <property name="sun.cpu.endian" value="little"/>
    <property name="user.home" value="/home/afthonia"/>
    <property name="user.language" value="en"/>
    <property name="java.specification.vendor" value="Oracle Corporation"/>
    <property name="java.version.date" value="2024-01-16"/>
    <property name="java.home" value="/usr/lib/jvm/java-21-openjdk-amd64"/>
    <property name="file.separator" value="/"/>
    <property name="basedir" value="/home/afthonia/Downloads/se3004/02-structural-testing"/>
    <property name="java.vm.compressedOopsMode" value="Zero based"/>
    <property name="line.separator" value="&#10;"/>
    <property name="java.specification.name" value="Java Platform API Specification"/>
    <property name="java.vm.specification.vendor" value="Oracle Corporation"/>
    <property name="surefire.real.class.path" value="/home/afthonia/Downloads/se3004/02-structural-testing/target/surefire/surefirebooter9016574378297244342.jar"/>
    <property name="sun.management.compiler" value="HotSpot 64-Bit Tiered Compilers"/>
    <property name="java.runtime.version" value="21.0.2+13-Ubuntu-122.04.1"/>
    <property name="user.name" value="afthonia"/>
    <property name="stdout.encoding" value="UTF-8"/>
    <property name="path.separator" value=":"/>
    <property name="os.version" value="6.5.0-27-generic"/>
    <property name="java.runtime.name" value="OpenJDK Runtime Environment"/>
    <property name="file.encoding" value="UTF-8"/>
    <property name="java.vm.name" value="OpenJDK 64-Bit Server VM"/>
    <property name="localRepository" value="/home/afthonia/.m2/repository"/>
    <property name="java.vendor.url.bug" value="Unknown"/>
    <property name="java.io.tmpdir" value="/tmp"/>
    <property name="java.version" value="21.0.2"/>
    <property name="user.dir" value="/home/afthonia/Downloads/se3004/02-structural-testing"/>
    <property name="os.arch" value="amd64"/>
    <property name="java.vm.specification.name" value="Java Virtual Machine Specification"/>
    <property name="native.encoding" value="UTF-8"/>
    <property name="java.library.path" value="/usr/java/packages/lib:/usr/lib/x86_64-linux-gnu/jni:/lib/x86_64-linux-gnu:/usr/lib/x86_64-linux-gnu:/usr/lib/jni:/lib:/usr/lib"/>
    <property name="java.vm.info" value="mixed mode, sharing"/>
    <property name="stderr.encoding" value="UTF-8"/>
    <property name="java.vendor" value="Private Build"/>
    <property name="java.vm.version" value="21.0.2+13-Ubuntu-122.04.1"/>
    <property name="sun.io.unicode.encoding" value="UnicodeLittle"/>
    <property name="java.class.version" value="65.0"/>
  </properties>
  <testcase name="threeClumpsReturnsThree" classname="se3004.CountingTest" time="0.023">
    <system-out><![CDATA[Test 5 Passed!
]]></system-out>
  </testcase>
  <testcase name="emptyArrayReturnsZero" classname="se3004.CountingTest" time="0.001">
    <system-out><![CDATA[Test 2 Passed!
]]></system-out>
  </testcase>
  <testcase name="oneClumpReturnsOne" classname="se3004.CountingTest" time="0.001">
    <system-out><![CDATA[Test 3 Passed!
]]></system-out>
  </testcase>
  <testcase name="nullArrayReturnsNullPointerException" classname="se3004.CountingTest" time="0.002">
    <system-out><![CDATA[Test 1 Passed!
]]></system-out>
  </testcase>
  <testcase name="twoClumpsReturnsTwo" classname="se3004.CountingTest" time="0.001">
    <system-out><![CDATA[Test 4 Passed!
]]></system-out>
  </testcase>
  <testcase name="fourClumpReturnsFour" classname="se3004.CountingTest" time="0">
    <system-out><![CDATA[Test 6 Passed!
]]></system-out>
  </testcase>
</testsuite>